2026-04-07 16:51:38,586 - INFO - Reading excel file
2026-04-07 16:51:38,949 - INFO - Data validation successful
2026-04-07 16:51:38,951 - INFO - Successfully read and validated Excel file
2026-04-07 16:51:38,952 - INFO - Prompt folder name : prompt_4930de66-dabf-4032-aa55-d119e694af49_DAL_GEN_2
2026-04-07 16:51:38,954 - INFO - Items in the dataframe : [{'TABLE_NAME': 'ddb_table_one', 'ATTRIBUTES': 'pk_attribute_str_1,sk_attribute_str_2,attribute_str_3,attribute_str_4,attribute_num_5,attribute_map_6', 'ATTRIBUTE_DATA_TYPES': 'string,string,string,string,number,map', 'ATTRIBUTE_DEFAULT_NULL': 'hash_key=True,null=False,null=False,null=False,null=True,null=True', 'TABLE_PK': 'pk_attribute_str_1', 'TABLE_SK': 'sk_attribute_str_2', 'GSI_PKs': nan, 'GSI_SKs': nan, 'GSI_PROJECTIONs': nan, 'LSI_SKs': nan, 'LSI_PROJECTIONs': nan, 'CREATED_AT_REQUIRED': 'Yes', 'UPDATED_AT_REQUIRED': 'Yes', 'TIME_TO_LIVE_REQUIRED': 'Yes', 'batch_id': '4930de66-dabf-4032-aa55-d119e694af49'}, {'TABLE_NAME': 'ddb_table_two', 'ATTRIBUTES': 'pk_attr_str_1,sk_attr_str_2,attr_str_3,attr_str_4,attr_str_5,attr_str_6', 'ATTRIBUTE_DATA_TYPES': 'string,string,string,string,string,string', 'ATTRIBUTE_DEFAULT_NULL': 'hash_key=True,null=False,null=False,null=False,null=False,null=False', 'TABLE_PK': 'pk_attr_str_1', 'TABLE_SK': 'sk_attr_str_2', 'GSI_PKs': nan, 'GSI_SKs': nan, 'GSI_PROJECTIONs': nan, 'LSI_SKs': nan, 'LSI_PROJECTIONs': nan, 'CREATED_AT_REQUIRED': 'No', 'UPDATED_AT_REQUIRED': 'No', 'TIME_TO_LIVE_REQUIRED': 'Yes', 'batch_id': '4930de66-dabf-4032-aa55-d119e694af49'}]
2026-04-07 16:51:38,954 - INFO - Folder structure (boto3) prompt generator parameters
2026-04-07 16:51:38,954 - INFO - GSI PKs: ['nan'], GSI SKs: ['nan'], GSI PROJECTIONS: ['nan']
2026-04-07 16:51:38,954 - INFO - LSI SKs: ['nan'], LSI PROJECTIONS: ['nan']
2026-04-07 16:51:38,954 - INFO - DTO(boto3) prompt generator parameters
2026-04-07 16:51:38,954 - INFO - DAL(boto3) prompt generator parameters
2026-04-07 16:51:38,954 - INFO - Unit test prompt generator parameters
2026-04-07 16:51:38,954 - INFO - GSI PKs: ['nan'], GSI SKs: ['nan'], GSI PROJECTIONS: ['nan']
2026-04-07 16:51:38,954 - INFO - LSI SKs: ['nan'], LSI PROJECTIONS: ['nan']
2026-04-07 16:51:38,954 - INFO - SAM template prompt generator parameters
2026-04-07 16:51:38,954 - INFO - Folder structure (boto3) prompt generator parameters
2026-04-07 16:51:38,955 - INFO - GSI PKs: ['nan'], GSI SKs: ['nan'], GSI PROJECTIONS: ['nan']
2026-04-07 16:51:38,955 - INFO - LSI SKs: ['nan'], LSI PROJECTIONS: ['nan']
2026-04-07 16:51:38,955 - INFO - DTO(boto3) prompt generator parameters
2026-04-07 16:51:38,955 - INFO - DAL(boto3) prompt generator parameters
2026-04-07 16:51:38,955 - INFO - Unit test prompt generator parameters
2026-04-07 16:51:38,955 - INFO - GSI PKs: ['nan'], GSI SKs: ['nan'], GSI PROJECTIONS: ['nan']
2026-04-07 16:51:38,955 - INFO - LSI SKs: ['nan'], LSI PROJECTIONS: ['nan']
2026-04-07 16:51:38,955 - INFO - SAM template prompt generator parameters
2026-04-07 16:51:38,955 - INFO - Prompt file genration prameters : [{'prompt_template_files': ['boto3_folder_structure.txt'], 'replacements': [{}], 'prompt_file_name': 'prompt_ddb_table_one_0_folder_structure.md', 'prompt_folder_name': 'prompt_4930de66-dabf-4032-aa55-d119e694af49_DAL_GEN_2'}, {'prompt_template_files': ['boto3_table_info.txt', 'dto.txt'], 'replacements': [{'{{ddb_table_name}}': 'ddb_table_one', '{{ddb_table_attribute_names}}': 'pk_attribute_str_1,sk_attribute_str_2,attribute_str_3,attribute_str_4,attribute_num_5,attribute_map_6', '{{ddb_table_attribute_data_types}}': 'string,string,string,string,number,map', '{{ddb_table_pk}}': 'pk_attribute_str_1', '{{ddb_table_attribute_settings}}': 'hash_key=True,null=False,null=False,null=False,null=True,null=True', '{{ddb_table_sk}}': ' and sk_attribute_str_2 is the sort/range key (sk)', '{{created_at_replacement}}': 'created_at is additional string attributes,', '{{updated_at_replacement}}': 'updated_at is additional string attributes,', '{{time_to_live_replacement_a}}': 'time_to_live attribute is TTLattribute,'}, {'{{ddb_table_name}}': 'ddb_table_one'}], 'prompt_file_name': 'prompt_ddb_table_one_1_dto.md', 'prompt_folder_name': 'prompt_4930de66-dabf-4032-aa55-d119e694af49_DAL_GEN_2'}, {'prompt_template_files': ['boto3_dal.txt'], 'replacements': [{'{{ddb_table_name}}': 'ddb_table_one', '{{ddb_table_name_env_variable}}': 'DDB_TABLE_ONE', '{{ddb_table_name_lower}}': 'ddb_table_one', '{{ddb_table_pk}}': 'pk_attribute_str_1', '{{ddb_table_sk}}': ' and sort/range key (sk) of the table', '{{created_at_replacement}}': ". created_at is set to datetime.now(timezone.utc).isoformat().replace('+00:00', 'Z') (if created_at not part of dto) for create of item", '{{updated_at_replacement}}': ". updated_at is set to datetime.now(timezone.utc).isoformat().replace('+00:00', 'Z') (if updated_at not part of dto) for update of item", '{{time_to_live_replacement}}': "4a) create method get_ttl_days to get environment variable DDB_TABLE_ONE_TTL_DAYS or 30 if null\n4b) create method get_test_ttl_days to get environment variable DDB_TABLE_ONE_TEST_TTL_DAYS or 30 if null\n4c) create get_ttl method to just return datetime's timedelta of get_ttl_days or get_test_ttl_days method based on is_test_object(method which returns true/false if partition key of the table has string TEST).\n4d) if is_test_object() is false return timedelta(get_ttl_days()) else timedelta(get_test_ttl_days()). Use this method to set the time_to_live attribute in DynamoDB table. ", '{{time_to_live_method_replacement}}': 'For this method only, time_to_live attribute should be equal to get_ttl method in the model'}], 'prompt_file_name': 'prompt_ddb_table_one_2_dal.md', 'prompt_folder_name': 'prompt_4930de66-dabf-4032-aa55-d119e694af49_DAL_GEN_2'}, {'prompt_template_files': ['unit_test.txt'], 'replacements': [{}], 'prompt_file_name': 'prompt_ddb_table_one_3_test.md', 'prompt_folder_name': 'prompt_4930de66-dabf-4032-aa55-d119e694af49_DAL_GEN_2'}, {'prompt_template_files': ['sam_template.txt'], 'replacements': [{'{{ddb_table_name}}': 'ddb_table_one', '{{ddb_table_pk}}': 'pk_attribute_str_1', '{{ddb_table_sk}}': ' and sk_attribute_str_2 is sort/range key (sk) ', '{{ddb_table_sk_string}}': ' and sk_attribute_str_2', '{{time_to_live_replacement}}': '8a) time_to_live is time to live attribute in the table'}], 'prompt_file_name': 'prompt_ddb_table_one_4_sam_template.md', 'prompt_folder_name': 'prompt_4930de66-dabf-4032-aa55-d119e694af49_DAL_GEN_2'}, {'prompt_template_files': ['boto3_folder_structure.txt'], 'replacements': [{}], 'prompt_file_name': 'prompt_ddb_table_two_0_folder_structure.md', 'prompt_folder_name': 'prompt_4930de66-dabf-4032-aa55-d119e694af49_DAL_GEN_2'}, {'prompt_template_files': ['boto3_table_info.txt', 'dto.txt'], 'replacements': [{'{{ddb_table_name}}': 'ddb_table_two', '{{ddb_table_attribute_names}}': 'pk_attr_str_1,sk_attr_str_2,attr_str_3,attr_str_4,attr_str_5,attr_str_6', '{{ddb_table_attribute_data_types}}': 'string,string,string,string,string,string', '{{ddb_table_pk}}': 'pk_attr_str_1', '{{ddb_table_attribute_settings}}': 'hash_key=True,null=False,null=False,null=False,null=False,null=False', '{{ddb_table_sk}}': ' and sk_attr_str_2 is the sort/range key (sk)', '{{created_at_replacement}}': '', '{{updated_at_replacement}}': '', '{{time_to_live_replacement_a}}': 'time_to_live attribute is TTLattribute,'}, {'{{ddb_table_name}}': 'ddb_table_two'}], 'prompt_file_name': 'prompt_ddb_table_two_1_dto.md', 'prompt_folder_name': 'prompt_4930de66-dabf-4032-aa55-d119e694af49_DAL_GEN_2'}, {'prompt_template_files': ['boto3_dal.txt'], 'replacements': [{'{{ddb_table_name}}': 'ddb_table_two', '{{ddb_table_name_env_variable}}': 'DDB_TABLE_TWO', '{{ddb_table_name_lower}}': 'ddb_table_two', '{{ddb_table_pk}}': 'pk_attr_str_1', '{{ddb_table_sk}}': ' and sort/range key (sk) of the table', '{{created_at_replacement}}': '', '{{updated_at_replacement}}': '', '{{time_to_live_replacement}}': "4a) create method get_ttl_days to get environment variable DDB_TABLE_TWO_TTL_DAYS or 30 if null\n4b) create method get_test_ttl_days to get environment variable DDB_TABLE_TWO_TEST_TTL_DAYS or 30 if null\n4c) create get_ttl method to just return datetime's timedelta of get_ttl_days or get_test_ttl_days method based on is_test_object(method which returns true/false if partition key of the table has string TEST).\n4d) if is_test_object() is false return timedelta(get_ttl_days()) else timedelta(get_test_ttl_days()). Use this method to set the time_to_live attribute in DynamoDB table. ", '{{time_to_live_method_replacement}}': 'For this method only, time_to_live attribute should be equal to get_ttl method in the model'}], 'prompt_file_name': 'prompt_ddb_table_two_2_dal.md', 'prompt_folder_name': 'prompt_4930de66-dabf-4032-aa55-d119e694af49_DAL_GEN_2'}, {'prompt_template_files': ['unit_test.txt'], 'replacements': [{}], 'prompt_file_name': 'prompt_ddb_table_two_3_test.md', 'prompt_folder_name': 'prompt_4930de66-dabf-4032-aa55-d119e694af49_DAL_GEN_2'}, {'prompt_template_files': ['sam_template.txt'], 'replacements': [{'{{ddb_table_name}}': 'ddb_table_two', '{{ddb_table_pk}}': 'pk_attr_str_1', '{{ddb_table_sk}}': ' and sk_attr_str_2 is sort/range key (sk) ', '{{ddb_table_sk_string}}': ' and sk_attr_str_2', '{{time_to_live_replacement}}': '8a) time_to_live is time to live attribute in the table'}], 'prompt_file_name': 'prompt_ddb_table_two_4_sam_template.md', 'prompt_folder_name': 'prompt_4930de66-dabf-4032-aa55-d119e694af49_DAL_GEN_2'}]
2026-04-07 16:51:38,955 - INFO - Generate prompt paramaters: [{'prompt_template_files': ['boto3_folder_structure.txt'], 'replacements': [{}], 'prompt_file_name': 'prompt_ddb_table_one_0_folder_structure.md', 'prompt_folder_name': 'prompt_4930de66-dabf-4032-aa55-d119e694af49_DAL_GEN_2'}, {'prompt_template_files': ['boto3_table_info.txt', 'dto.txt'], 'replacements': [{'{{ddb_table_name}}': 'ddb_table_one', '{{ddb_table_attribute_names}}': 'pk_attribute_str_1,sk_attribute_str_2,attribute_str_3,attribute_str_4,attribute_num_5,attribute_map_6', '{{ddb_table_attribute_data_types}}': 'string,string,string,string,number,map', '{{ddb_table_pk}}': 'pk_attribute_str_1', '{{ddb_table_attribute_settings}}': 'hash_key=True,null=False,null=False,null=False,null=True,null=True', '{{ddb_table_sk}}': ' and sk_attribute_str_2 is the sort/range key (sk)', '{{created_at_replacement}}': 'created_at is additional string attributes,', '{{updated_at_replacement}}': 'updated_at is additional string attributes,', '{{time_to_live_replacement_a}}': 'time_to_live attribute is TTLattribute,'}, {'{{ddb_table_name}}': 'ddb_table_one'}], 'prompt_file_name': 'prompt_ddb_table_one_1_dto.md', 'prompt_folder_name': 'prompt_4930de66-dabf-4032-aa55-d119e694af49_DAL_GEN_2'}, {'prompt_template_files': ['boto3_dal.txt'], 'replacements': [{'{{ddb_table_name}}': 'ddb_table_one', '{{ddb_table_name_env_variable}}': 'DDB_TABLE_ONE', '{{ddb_table_name_lower}}': 'ddb_table_one', '{{ddb_table_pk}}': 'pk_attribute_str_1', '{{ddb_table_sk}}': ' and sort/range key (sk) of the table', '{{created_at_replacement}}': ". created_at is set to datetime.now(timezone.utc).isoformat().replace('+00:00', 'Z') (if created_at not part of dto) for create of item", '{{updated_at_replacement}}': ". updated_at is set to datetime.now(timezone.utc).isoformat().replace('+00:00', 'Z') (if updated_at not part of dto) for update of item", '{{time_to_live_replacement}}': "4a) create method get_ttl_days to get environment variable DDB_TABLE_ONE_TTL_DAYS or 30 if null\n4b) create method get_test_ttl_days to get environment variable DDB_TABLE_ONE_TEST_TTL_DAYS or 30 if null\n4c) create get_ttl method to just return datetime's timedelta of get_ttl_days or get_test_ttl_days method based on is_test_object(method which returns true/false if partition key of the table has string TEST).\n4d) if is_test_object() is false return timedelta(get_ttl_days()) else timedelta(get_test_ttl_days()). Use this method to set the time_to_live attribute in DynamoDB table. ", '{{time_to_live_method_replacement}}': 'For this method only, time_to_live attribute should be equal to get_ttl method in the model'}], 'prompt_file_name': 'prompt_ddb_table_one_2_dal.md', 'prompt_folder_name': 'prompt_4930de66-dabf-4032-aa55-d119e694af49_DAL_GEN_2'}, {'prompt_template_files': ['unit_test.txt'], 'replacements': [{}], 'prompt_file_name': 'prompt_ddb_table_one_3_test.md', 'prompt_folder_name': 'prompt_4930de66-dabf-4032-aa55-d119e694af49_DAL_GEN_2'}, {'prompt_template_files': ['sam_template.txt'], 'replacements': [{'{{ddb_table_name}}': 'ddb_table_one', '{{ddb_table_pk}}': 'pk_attribute_str_1', '{{ddb_table_sk}}': ' and sk_attribute_str_2 is sort/range key (sk) ', '{{ddb_table_sk_string}}': ' and sk_attribute_str_2', '{{time_to_live_replacement}}': '8a) time_to_live is time to live attribute in the table'}], 'prompt_file_name': 'prompt_ddb_table_one_4_sam_template.md', 'prompt_folder_name': 'prompt_4930de66-dabf-4032-aa55-d119e694af49_DAL_GEN_2'}, {'prompt_template_files': ['boto3_folder_structure.txt'], 'replacements': [{}], 'prompt_file_name': 'prompt_ddb_table_two_0_folder_structure.md', 'prompt_folder_name': 'prompt_4930de66-dabf-4032-aa55-d119e694af49_DAL_GEN_2'}, {'prompt_template_files': ['boto3_table_info.txt', 'dto.txt'], 'replacements': [{'{{ddb_table_name}}': 'ddb_table_two', '{{ddb_table_attribute_names}}': 'pk_attr_str_1,sk_attr_str_2,attr_str_3,attr_str_4,attr_str_5,attr_str_6', '{{ddb_table_attribute_data_types}}': 'string,string,string,string,string,string', '{{ddb_table_pk}}': 'pk_attr_str_1', '{{ddb_table_attribute_settings}}': 'hash_key=True,null=False,null=False,null=False,null=False,null=False', '{{ddb_table_sk}}': ' and sk_attr_str_2 is the sort/range key (sk)', '{{created_at_replacement}}': '', '{{updated_at_replacement}}': '', '{{time_to_live_replacement_a}}': 'time_to_live attribute is TTLattribute,'}, {'{{ddb_table_name}}': 'ddb_table_two'}], 'prompt_file_name': 'prompt_ddb_table_two_1_dto.md', 'prompt_folder_name': 'prompt_4930de66-dabf-4032-aa55-d119e694af49_DAL_GEN_2'}, {'prompt_template_files': ['boto3_dal.txt'], 'replacements': [{'{{ddb_table_name}}': 'ddb_table_two', '{{ddb_table_name_env_variable}}': 'DDB_TABLE_TWO', '{{ddb_table_name_lower}}': 'ddb_table_two', '{{ddb_table_pk}}': 'pk_attr_str_1', '{{ddb_table_sk}}': ' and sort/range key (sk) of the table', '{{created_at_replacement}}': '', '{{updated_at_replacement}}': '', '{{time_to_live_replacement}}': "4a) create method get_ttl_days to get environment variable DDB_TABLE_TWO_TTL_DAYS or 30 if null\n4b) create method get_test_ttl_days to get environment variable DDB_TABLE_TWO_TEST_TTL_DAYS or 30 if null\n4c) create get_ttl method to just return datetime's timedelta of get_ttl_days or get_test_ttl_days method based on is_test_object(method which returns true/false if partition key of the table has string TEST).\n4d) if is_test_object() is false return timedelta(get_ttl_days()) else timedelta(get_test_ttl_days()). Use this method to set the time_to_live attribute in DynamoDB table. ", '{{time_to_live_method_replacement}}': 'For this method only, time_to_live attribute should be equal to get_ttl method in the model'}], 'prompt_file_name': 'prompt_ddb_table_two_2_dal.md', 'prompt_folder_name': 'prompt_4930de66-dabf-4032-aa55-d119e694af49_DAL_GEN_2'}, {'prompt_template_files': ['unit_test.txt'], 'replacements': [{}], 'prompt_file_name': 'prompt_ddb_table_two_3_test.md', 'prompt_folder_name': 'prompt_4930de66-dabf-4032-aa55-d119e694af49_DAL_GEN_2'}, {'prompt_template_files': ['sam_template.txt'], 'replacements': [{'{{ddb_table_name}}': 'ddb_table_two', '{{ddb_table_pk}}': 'pk_attr_str_1', '{{ddb_table_sk}}': ' and sk_attr_str_2 is sort/range key (sk) ', '{{ddb_table_sk_string}}': ' and sk_attr_str_2', '{{time_to_live_replacement}}': '8a) time_to_live is time to live attribute in the table'}], 'prompt_file_name': 'prompt_ddb_table_two_4_sam_template.md', 'prompt_folder_name': 'prompt_4930de66-dabf-4032-aa55-d119e694af49_DAL_GEN_2'}]
2026-04-07 16:51:38,955 - INFO - Start prompt file generation process for prompt_ddb_table_one_0_folder_structure.md
2026-04-07 16:51:38,956 - INFO - Combined Prompt generated successfully
2026-04-07 16:51:38,956 - INFO - Prompt file prompt_ddb_table_one_0_folder_structure.md generated successfully
2026-04-07 16:51:38,956 - INFO - End prompt file generation process for prompt_ddb_table_one_0_folder_structure.md
2026-04-07 16:51:38,956 - INFO - Start prompt file generation process for prompt_ddb_table_one_1_dto.md
2026-04-07 16:51:38,958 - INFO - Replacing {{ddb_table_name}} with ddb_table_one
2026-04-07 16:51:38,958 - INFO - Replacing {{ddb_table_attribute_names}} with pk_attribute_str_1,sk_attribute_str_2,attribute_str_3,attribute_str_4,attribute_num_5,attribute_map_6
2026-04-07 16:51:38,958 - INFO - Replacing {{ddb_table_attribute_data_types}} with string,string,string,string,number,map
2026-04-07 16:51:38,958 - INFO - Replacing {{ddb_table_pk}} with pk_attribute_str_1
2026-04-07 16:51:38,958 - INFO - Replacing {{ddb_table_attribute_settings}} with hash_key=True,null=False,null=False,null=False,null=True,null=True
2026-04-07 16:51:38,958 - INFO - Replacing {{ddb_table_sk}} with  and sk_attribute_str_2 is the sort/range key (sk)
2026-04-07 16:51:38,958 - INFO - Replacing {{created_at_replacement}} with created_at is additional string attributes,
2026-04-07 16:51:38,958 - INFO - Replacing {{updated_at_replacement}} with updated_at is additional string attributes,
2026-04-07 16:51:38,958 - INFO - Replacing {{time_to_live_replacement_a}} with time_to_live attribute is TTLattribute,
2026-04-07 16:51:38,959 - INFO - Replacing {{ddb_table_name}} with ddb_table_one
2026-04-07 16:51:38,959 - INFO - Combined Prompt generated successfully
2026-04-07 16:51:38,959 - INFO - Prompt file prompt_ddb_table_one_1_dto.md generated successfully
2026-04-07 16:51:38,959 - INFO - End prompt file generation process for prompt_ddb_table_one_1_dto.md
2026-04-07 16:51:38,959 - INFO - Start prompt file generation process for prompt_ddb_table_one_2_dal.md
2026-04-07 16:51:38,961 - INFO - Replacing {{ddb_table_name}} with ddb_table_one
2026-04-07 16:51:38,961 - INFO - Replacing {{ddb_table_name_env_variable}} with DDB_TABLE_ONE
2026-04-07 16:51:38,961 - INFO - Replacing {{ddb_table_name_lower}} with ddb_table_one
2026-04-07 16:51:38,961 - INFO - Replacing {{ddb_table_pk}} with pk_attribute_str_1
2026-04-07 16:51:38,961 - INFO - Replacing {{ddb_table_sk}} with  and sort/range key (sk) of the table
2026-04-07 16:51:38,961 - INFO - Replacing {{created_at_replacement}} with . created_at is set to datetime.now(timezone.utc).isoformat().replace('+00:00', 'Z') (if created_at not part of dto) for create of item
2026-04-07 16:51:38,961 - INFO - Replacing {{updated_at_replacement}} with . updated_at is set to datetime.now(timezone.utc).isoformat().replace('+00:00', 'Z') (if updated_at not part of dto) for update of item
2026-04-07 16:51:38,961 - INFO - Replacing {{time_to_live_replacement}} with 4a) create method get_ttl_days to get environment variable DDB_TABLE_ONE_TTL_DAYS or 30 if null
4b) create method get_test_ttl_days to get environment variable DDB_TABLE_ONE_TEST_TTL_DAYS or 30 if null
4c) create get_ttl method to just return datetime's timedelta of get_ttl_days or get_test_ttl_days method based on is_test_object(method which returns true/false if partition key of the table has string TEST).
4d) if is_test_object() is false return timedelta(get_ttl_days()) else timedelta(get_test_ttl_days()). Use this method to set the time_to_live attribute in DynamoDB table. 
2026-04-07 16:51:38,961 - INFO - Replacing {{time_to_live_method_replacement}} with For this method only, time_to_live attribute should be equal to get_ttl method in the model
2026-04-07 16:51:38,961 - INFO - Combined Prompt generated successfully
2026-04-07 16:51:38,961 - INFO - Prompt file prompt_ddb_table_one_2_dal.md generated successfully
2026-04-07 16:51:38,962 - INFO - End prompt file generation process for prompt_ddb_table_one_2_dal.md
2026-04-07 16:51:38,962 - INFO - Start prompt file generation process for prompt_ddb_table_one_3_test.md
2026-04-07 16:51:38,962 - INFO - Combined Prompt generated successfully
2026-04-07 16:51:38,962 - INFO - Prompt file prompt_ddb_table_one_3_test.md generated successfully
2026-04-07 16:51:38,963 - INFO - End prompt file generation process for prompt_ddb_table_one_3_test.md
2026-04-07 16:51:38,963 - INFO - Start prompt file generation process for prompt_ddb_table_one_4_sam_template.md
2026-04-07 16:51:38,964 - INFO - Replacing {{ddb_table_name}} with ddb_table_one
2026-04-07 16:51:38,964 - INFO - Replacing {{ddb_table_pk}} with pk_attribute_str_1
2026-04-07 16:51:38,964 - INFO - Replacing {{ddb_table_sk}} with  and sk_attribute_str_2 is sort/range key (sk) 
2026-04-07 16:51:38,964 - INFO - Replacing {{ddb_table_sk_string}} with  and sk_attribute_str_2
2026-04-07 16:51:38,964 - INFO - Replacing {{time_to_live_replacement}} with 8a) time_to_live is time to live attribute in the table
2026-04-07 16:51:38,964 - INFO - Combined Prompt generated successfully
2026-04-07 16:51:38,964 - INFO - Prompt file prompt_ddb_table_one_4_sam_template.md generated successfully
2026-04-07 16:51:38,964 - INFO - End prompt file generation process for prompt_ddb_table_one_4_sam_template.md
2026-04-07 16:51:38,964 - INFO - Start prompt file generation process for prompt_ddb_table_two_0_folder_structure.md
2026-04-07 16:51:38,965 - INFO - Combined Prompt generated successfully
2026-04-07 16:51:38,965 - INFO - Prompt file prompt_ddb_table_two_0_folder_structure.md generated successfully
2026-04-07 16:51:38,965 - INFO - End prompt file generation process for prompt_ddb_table_two_0_folder_structure.md
2026-04-07 16:51:38,965 - INFO - Start prompt file generation process for prompt_ddb_table_two_1_dto.md
2026-04-07 16:51:38,968 - INFO - Replacing {{ddb_table_name}} with ddb_table_two
2026-04-07 16:51:38,968 - INFO - Replacing {{ddb_table_attribute_names}} with pk_attr_str_1,sk_attr_str_2,attr_str_3,attr_str_4,attr_str_5,attr_str_6
2026-04-07 16:51:38,968 - INFO - Replacing {{ddb_table_attribute_data_types}} with string,string,string,string,string,string
2026-04-07 16:51:38,968 - INFO - Replacing {{ddb_table_pk}} with pk_attr_str_1
2026-04-07 16:51:38,968 - INFO - Replacing {{ddb_table_attribute_settings}} with hash_key=True,null=False,null=False,null=False,null=False,null=False
2026-04-07 16:51:38,968 - INFO - Replacing {{ddb_table_sk}} with  and sk_attr_str_2 is the sort/range key (sk)
2026-04-07 16:51:38,968 - INFO - Replacing {{created_at_replacement}} with 
2026-04-07 16:51:38,968 - INFO - Replacing {{updated_at_replacement}} with 
2026-04-07 16:51:38,968 - INFO - Replacing {{time_to_live_replacement_a}} with time_to_live attribute is TTLattribute,
2026-04-07 16:51:38,969 - INFO - Replacing {{ddb_table_name}} with ddb_table_two
2026-04-07 16:51:38,969 - INFO - Combined Prompt generated successfully
2026-04-07 16:51:38,971 - INFO - Prompt file prompt_ddb_table_two_1_dto.md generated successfully
2026-04-07 16:51:38,971 - INFO - End prompt file generation process for prompt_ddb_table_two_1_dto.md
2026-04-07 16:51:38,971 - INFO - Start prompt file generation process for prompt_ddb_table_two_2_dal.md
2026-04-07 16:51:38,975 - INFO - Replacing {{ddb_table_name}} with ddb_table_two
2026-04-07 16:51:38,975 - INFO - Replacing {{ddb_table_name_env_variable}} with DDB_TABLE_TWO
2026-04-07 16:51:38,975 - INFO - Replacing {{ddb_table_name_lower}} with ddb_table_two
2026-04-07 16:51:38,975 - INFO - Replacing {{ddb_table_pk}} with pk_attr_str_1
2026-04-07 16:51:38,975 - INFO - Replacing {{ddb_table_sk}} with  and sort/range key (sk) of the table
2026-04-07 16:51:38,975 - INFO - Replacing {{created_at_replacement}} with 
2026-04-07 16:51:38,975 - INFO - Replacing {{updated_at_replacement}} with 
2026-04-07 16:51:38,975 - INFO - Replacing {{time_to_live_replacement}} with 4a) create method get_ttl_days to get environment variable DDB_TABLE_TWO_TTL_DAYS or 30 if null
4b) create method get_test_ttl_days to get environment variable DDB_TABLE_TWO_TEST_TTL_DAYS or 30 if null
4c) create get_ttl method to just return datetime's timedelta of get_ttl_days or get_test_ttl_days method based on is_test_object(method which returns true/false if partition key of the table has string TEST).
4d) if is_test_object() is false return timedelta(get_ttl_days()) else timedelta(get_test_ttl_days()). Use this method to set the time_to_live attribute in DynamoDB table. 
2026-04-07 16:51:38,975 - INFO - Replacing {{time_to_live_method_replacement}} with For this method only, time_to_live attribute should be equal to get_ttl method in the model
2026-04-07 16:51:38,975 - INFO - Combined Prompt generated successfully
2026-04-07 16:51:38,976 - INFO - Prompt file prompt_ddb_table_two_2_dal.md generated successfully
2026-04-07 16:51:38,976 - INFO - End prompt file generation process for prompt_ddb_table_two_2_dal.md
2026-04-07 16:51:38,976 - INFO - Start prompt file generation process for prompt_ddb_table_two_3_test.md
2026-04-07 16:51:38,976 - INFO - Combined Prompt generated successfully
2026-04-07 16:51:38,978 - INFO - Prompt file prompt_ddb_table_two_3_test.md generated successfully
2026-04-07 16:51:38,978 - INFO - End prompt file generation process for prompt_ddb_table_two_3_test.md
2026-04-07 16:51:38,978 - INFO - Start prompt file generation process for prompt_ddb_table_two_4_sam_template.md
2026-04-07 16:51:38,979 - INFO - Replacing {{ddb_table_name}} with ddb_table_two
2026-04-07 16:51:38,979 - INFO - Replacing {{ddb_table_pk}} with pk_attr_str_1
2026-04-07 16:51:38,979 - INFO - Replacing {{ddb_table_sk}} with  and sk_attr_str_2 is sort/range key (sk) 
2026-04-07 16:51:38,979 - INFO - Replacing {{ddb_table_sk_string}} with  and sk_attr_str_2
2026-04-07 16:51:38,979 - INFO - Replacing {{time_to_live_replacement}} with 8a) time_to_live is time to live attribute in the table
2026-04-07 16:51:38,979 - INFO - Combined Prompt generated successfully
2026-04-07 16:51:38,980 - INFO - Prompt file prompt_ddb_table_two_4_sam_template.md generated successfully
2026-04-07 16:51:38,980 - INFO - End prompt file generation process for prompt_ddb_table_two_4_sam_template.md
